<?xml version="1.0" encoding="UTF-8"?>
<!-- Generated by org.testng.reporters.JUnitReportReporter -->
<testsuite hostname="DESKTOP-MS8NDDB" failures="0" tests="1" name="org.example.testRunner.TestRunner" time="4.217" errors="0" timestamp="2022-09-10T13:46:16 EET" skipped="0">
  <testcase classname="org.example.testRunner.TestRunner" name="runScenario" time="4.217"/>
  <system-out/>
</testsuite> <!-- org.example.testRunner.TestRunner -->
